[LOG] Writing stdout/stderr to: logs/thermo_snn_lead1_K6_seed0_20260110-191026.log
[INFO] Loaded ice mask: keeps 99755 / 136192
[INFO] Device: cuda
[INFO] lead_time=1 | out_steps=6 | seed=0 | epochs=30 | bs=2 | lr=0.001
[INFO] SAT lookup ready from: data/raw/era5_sat/era5_sat_anom_monthly_1979_2022_arctic.nc
[INFO] Train: 367 | Val: 55 | Test: 55
[Epoch 01] Train masked-MSE=0.045165 | Val(step1) MAE=0.1625 RMSE=0.2034 | Val(mean@K) MAE=0.1640 RMSE=0.2019
  [SAVE] best model -> experiments/SNN_phase1_lead1_K6_seed0.pt
[Epoch 02] Train masked-MSE=0.021542 | Val(step1) MAE=0.0571 RMSE=0.1205 | Val(mean@K) MAE=0.0619 RMSE=0.1347
  [SAVE] best model -> experiments/SNN_phase1_lead1_K6_seed0.pt
[Epoch 03] Train masked-MSE=0.016944 | Val(step1) MAE=0.0695 RMSE=0.1222 | Val(mean@K) MAE=0.0796 RMSE=0.1352
[Epoch 04] Train masked-MSE=0.013961 | Val(step1) MAE=0.0448 RMSE=0.1085 | Val(mean@K) MAE=0.0504 RMSE=0.1178
  [SAVE] best model -> experiments/SNN_phase1_lead1_K6_seed0.pt
[Epoch 05] Train masked-MSE=0.013533 | Val(step1) MAE=0.0391 RMSE=0.0925 | Val(mean@K) MAE=0.0485 RMSE=0.1100
  [SAVE] best model -> experiments/SNN_phase1_lead1_K6_seed0.pt
[Epoch 06] Train masked-MSE=0.011533 | Val(step1) MAE=0.0379 RMSE=0.0904 | Val(mean@K) MAE=0.0428 RMSE=0.1054
  [SAVE] best model -> experiments/SNN_phase1_lead1_K6_seed0.pt
[Epoch 07] Train masked-MSE=0.011238 | Val(step1) MAE=0.0386 RMSE=0.0951 | Val(mean@K) MAE=0.0520 RMSE=0.1233
[Epoch 08] Train masked-MSE=0.011427 | Val(step1) MAE=0.0682 RMSE=0.1127 | Val(mean@K) MAE=0.0595 RMSE=0.1155
[Epoch 09] Train masked-MSE=0.011253 | Val(step1) MAE=0.0407 RMSE=0.0870 | Val(mean@K) MAE=0.0467 RMSE=0.1029
  [SAVE] best model -> experiments/SNN_phase1_lead1_K6_seed0.pt
[Epoch 10] Train masked-MSE=0.010666 | Val(step1) MAE=0.0663 RMSE=0.0998 | Val(mean@K) MAE=0.0658 RMSE=0.1106
[Epoch 11] Train masked-MSE=0.010480 | Val(step1) MAE=0.0352 RMSE=0.0837 | Val(mean@K) MAE=0.0693 RMSE=0.1112
  [SAVE] best model -> experiments/SNN_phase1_lead1_K6_seed0.pt
[Epoch 12] Train masked-MSE=0.010200 | Val(step1) MAE=0.0330 RMSE=0.0848 | Val(mean@K) MAE=0.0452 RMSE=0.1079
[Epoch 13] Train masked-MSE=0.010628 | Val(step1) MAE=0.0358 RMSE=0.0847 | Val(mean@K) MAE=0.0461 RMSE=0.1023
[Epoch 14] Train masked-MSE=0.009921 | Val(step1) MAE=0.0384 RMSE=0.0841 | Val(mean@K) MAE=0.0467 RMSE=0.1004
[Epoch 15] Train masked-MSE=0.009407 | Val(step1) MAE=0.0355 RMSE=0.0846 | Val(mean@K) MAE=0.0491 RMSE=0.1138
[Epoch 16] Train masked-MSE=0.009582 | Val(step1) MAE=0.0320 RMSE=0.0810 | Val(mean@K) MAE=0.0426 RMSE=0.0995
  [SAVE] best model -> experiments/SNN_phase1_lead1_K6_seed0.pt
[Epoch 17] Train masked-MSE=0.009577 | Val(step1) MAE=0.0335 RMSE=0.0819 | Val(mean@K) MAE=0.0407 RMSE=0.0980
[Epoch 18] Train masked-MSE=0.009378 | Val(step1) MAE=0.0332 RMSE=0.0852 | Val(mean@K) MAE=0.0418 RMSE=0.1005
[Epoch 19] Train masked-MSE=0.009285 | Val(step1) MAE=0.0453 RMSE=0.1130 | Val(mean@K) MAE=0.0672 RMSE=0.1524
[Epoch 20] Train masked-MSE=0.009897 | Val(step1) MAE=0.0342 RMSE=0.0875 | Val(mean@K) MAE=0.0414 RMSE=0.1020
[Epoch 21] Train masked-MSE=0.009192 | Val(step1) MAE=0.0357 RMSE=0.0820 | Val(mean@K) MAE=0.0421 RMSE=0.0958
[Epoch 22] Train masked-MSE=0.009106 | Val(step1) MAE=0.0308 RMSE=0.0805 | Val(mean@K) MAE=0.0400 RMSE=0.0956
  [SAVE] best model -> experiments/SNN_phase1_lead1_K6_seed0.pt
[Epoch 23] Train masked-MSE=0.008979 | Val(step1) MAE=0.0359 RMSE=0.0807 | Val(mean@K) MAE=0.0372 RMSE=0.0947
[Epoch 24] Train masked-MSE=0.008873 | Val(step1) MAE=0.0312 RMSE=0.0782 | Val(mean@K) MAE=0.0413 RMSE=0.0940
  [SAVE] best model -> experiments/SNN_phase1_lead1_K6_seed0.pt
[Epoch 25] Train masked-MSE=0.008708 | Val(step1) MAE=0.0610 RMSE=0.0917 | Val(mean@K) MAE=0.0483 RMSE=0.1002
[Epoch 26] Train masked-MSE=0.008788 | Val(step1) MAE=0.0346 RMSE=0.0802 | Val(mean@K) MAE=0.0448 RMSE=0.0959
[Epoch 27] Train masked-MSE=0.008555 | Val(step1) MAE=0.0453 RMSE=0.0853 | Val(mean@K) MAE=0.0491 RMSE=0.0998
[Epoch 28] Train masked-MSE=0.008975 | Val(step1) MAE=0.0362 RMSE=0.0869 | Val(mean@K) MAE=0.0824 RMSE=0.1225
[Epoch 29] Train masked-MSE=0.009223 | Val(step1) MAE=0.0401 RMSE=0.0835 | Val(mean@K) MAE=0.0960 RMSE=0.1362
[Epoch 30] Train masked-MSE=0.008947 | Val(step1) MAE=0.0293 RMSE=0.0772 | Val(mean@K) MAE=0.0409 RMSE=0.0942
  [SAVE] best model -> experiments/SNN_phase1_lead1_K6_seed0.pt

=== SNN Phase-1 (Test, masked) ===
Step1 MAE  : 0.0290
Step1 RMSE : 0.0767
Mean@K MAE : 0.0404
Mean@K RMSE: 0.0936
Per-step RMSE: 0.0767, 0.0900, 0.0946, 0.0973, 0.0995, 0.1036
[OK] Results appended to: scripts/results/models_test_lead1_K6.csv
